libuvccamera/build/intermediates/manifest_merge_blame_file/debug/manifest-merger-blame-debug-report.txt
1<?xml version="1.0" encoding="utf-8"?>
2<manifest xmlns:android="http://schemas.android.com/apk/res/android"
3    package="com.serenegiant.uvccamera" >
4
5    <uses-sdk android:minSdkVersion="26" />
5-->src/main/AndroidManifest.xml
6
7    <uses-permission android:name="android.permission.CAMERA" />
7-->src/main/AndroidManifest.xml:3:5-65
7-->src/main/AndroidManifest.xml:3:22-62
8
9    <uses-feature
9-->src/main/AndroidManifest.xml:4:5-85
10        android:name="android.hardware.camera"
10-->src/main/AndroidManifest.xml:4:19-57
11        android:required="false" />
11-->src/main/AndroidManifest.xml:4:58-82
12    <uses-feature
12-->src/main/AndroidManifest.xml:5:5-87
13        android:name="android.hardware.usb.host"
13-->src/main/AndroidManifest.xml:5:19-59
14        android:required="false" />
14-->src/main/AndroidManifest.xml:5:60-84
15
16</manifest>